Loebner Prize Sept 14 2013 Derry ~ LondonDerry ~ LegenDerry
These transcripts are in the public domain
Transcripts of judge 1 program Rose round 1
Left =human 
J1 014748310150506735 judge right h
J1 014748310150715747 judge right e
J1 014748310150840242 judge right l
J1 014748310150984411 judge right l
J1 014748310160166850 judge right o
J1 014748310160937816 judge right period
J1 014748310170202743 judge right space
J1 014748310170382969 judge right l
J1 014748310170600854 judge right c
J1 014748310170696536 judge right a
J1 014748310170964462 judge right BackSpace
J1 014748310180147886 judge right BackSpace
J1 014748310180324939 judge right BackSpace
J1 014748310190052937 judge right BackSpace
J1 014748310190466059 judge right BackSpace
J1 014748310190659972 judge right BackSpace
J1 014748310190843512 judge right BackSpace
J1 014748310200020981 judge right BackSpace
J1 014748310200204003 judge right BackSpace
J1 014748310200357800 judge right BackSpace
J1 014748310200743034 judge right h
J1 014748310200928579 judge right e
J1 014748310210057644 judge right l
J1 014748310210209106 judge right l
J1 014748310210421073 judge right o
J1 014748310220134114 judge right space
J1 014748310220591871 judge right c
J1 014748310220693146 judge right a
J1 014748310220780092 judge right n
J1 014748310220871639 judge right space
J1 014748310230103883 judge right i
J1 014748310230229176 judge right space
J1 014748310230516030 judge right t
J1 014748310230625058 judge right e
J1 014748310230774207 judge right l
J1 014748310230927890 judge right l
J1 014748310240054490 judge right space
J1 014748310240156929 judge right y
J1 014748310240342240 judge right o
J1 014748310240385061 judge right u
J1 014748310240483561 judge right space
J1 014748310240615549 judge right a
J1 014748310240725350 judge right space
J1 014748310240906272 judge right j
J1 014748310250100575 judge right o
J1 014748310250224975 judge right k
J1 014748310250345982 judge right e
J1 014748310250609312 judge right Return
J1 014748310250725535 Rose right O
J1 014748310250772569 Rose right K
J1 014748310250835468 Rose right period
J1 014748310260100492 Rose right space
J1 014748310260147343 Rose right T
J1 014748310260225307 Rose right e
J1 014748310260303488 Rose right l
J1 014748310260349294 Rose right l
J1 014748310260443217 Rose right space
J1 014748310260490406 Rose right i
J1 014748310260537251 Rose right t
J1 014748310260661373 Rose right space
J1 014748310260708343 Rose right t
J1 014748310260755304 Rose right o
J1 014748310260833045 Rose right space
J1 014748310260880153 Rose right m
J1 014748310260958155 Rose right e
J1 014748310270005007 Rose right period
J1 014748310270051175 Rose right Return
J1 014748310360159916 judge right w
J1 014748310360341285 judge right h
J1 014748310360499481 judge right y
J1 014748310360641623 judge right space
J1 014748310360763950 judge right d
J1 014748310360866266 judge right o
J1 014748310360972075 judge right space
J1 014748310370110343 judge right f
J1 014748310370376985 judge right r
J1 014748310370496806 judge right e
J1 014748310370626588 judge right n
J1 014748310370843026 judge right c
J1 014748310370942018 judge right h
J1 014748310380065069 judge right space
J1 014748310380249966 judge right p
J1 014748310380401625 judge right e
J1 014748310380505050 judge right o
J1 014748310380695470 judge right p
J1 014748310380864961 judge right l
J1 014748310380985727 judge right e
J1 014748310390232092 judge right space
J1 014748310390390619 judge right h
J1 014748310390499871 judge right a
J1 014748310390607061 judge right v
J1 014748310390682214 judge right e
J1 014748310390761122 judge right space
J1 014748310390923136 judge right o
J1 014748310400004727 judge right n
J1 014748310400184979 judge right l
J1 014748310400540166 judge right y
J1 014748310400804092 judge right space
J1 014748310420021251 judge right o
J1 014748310420114832 judge right n
J1 014748310420249426 judge right e
J1 014748310420402658 judge right space
J1 014748310420598284 judge right e
J1 014748310420982113 judge right g
J1 014748310430135315 judge right g
J1 014748310430437200 judge right space
J1 014748310430624921 judge right i
J1 014748310430784352 judge right o
J1 014748310430908342 judge right n
J1 014748310440018655 judge right space
J1 014748310440248929 judge right i
J1 014748310440345384 judge right n
J1 014748310440450885 judge right space
J1 014748310440686725 judge right t
J1 014748310440747809 judge right h
J1 014748310440937418 judge right e
J1 014748310450040810 judge right space
J1 014748310450993478 judge right m
J1 014748310460172489 judge right o
J1 014748310460301344 judge right r
J1 014748310460390412 judge right n
J1 014748310460556376 judge right i
J1 014748310460610629 judge right n
J1 014748310460694518 judge right g
J1 014748310460862731 judge right Return
J1 014748310460957780 Rose right D
J1 014748310470004495 Rose right i
J1 014748310470082655 Rose right g
J1 014748310470129514 Rose right i
J1 014748310470175568 Rose right t
J1 014748310470222549 Rose right a
J1 014748310470269266 Rose right l
J1 014748310470331314 Rose right space
J1 014748310470378333 Rose right c
J1 014748310470519408 Rose right h
J1 014748310470565495 Rose right i
J1 014748310470612518 Rose right c
J1 014748310470659599 Rose right k
J1 014748310470805582 Rose right e
J1 014748310470891883 Rose right n
J1 014748310470894021 Rose right s
J1 014748310470955268 Rose right period
J1 014748310480033286 Rose right Return
J1 014748310520597856 judge right g
J1 014748310520774188 judge right o
J1 014748310520911079 judge right o
J1 014748310530046077 judge right d
J1 014748310530148888 judge right space
J1 014748310530278466 judge right t
J1 014748310530459934 judge right r
J1 014748310530538337 judge right y
J1 014748310530791924 judge right period
J1 014748310530957838 judge right space
J1 014748310540257255 judge right t
J1 014748310540356957 judge right h
J1 014748310540444604 judge right e
J1 014748310540574837 judge right space
J1 014748310540658983 judge right a
J1 014748310540796039 judge right n
J1 014748310540840675 judge right s
J1 014748310550056997 judge right w
J1 014748310550150804 judge right e
J1 014748310550240702 judge right r
J1 014748310550352630 judge right space
J1 014748310550462390 judge right i
J1 014748310550640030 judge right s
J1 014748310550768159 judge right space
J1 014748310600311297 Rose right O
J1 014748310600389225 Rose right K
J1 014748310600436384 Rose right period
J1 014748310600483367 Rose right Return
J1 014748310600888330 judge right b
J1 014748310610124754 judge right e
J1 014748310610233813 judge right c
J1 014748310610369258 judge right a
J1 014748310610495365 judge right u
J1 014748310610590680 judge right s
J1 014748310610683363 judge right e
J1 014748310610825152 judge right space
J1 014748310610950970 judge right i
J1 014748310620066398 judge right t
J1 014748310620332460 judge right s
J1 014748310630288468 judge right space
J1 014748310630437281 judge right u
J1 014748310630623399 judge right n
J1 014748310630689500 judge right space
J1 014748310630898502 judge right o
J1 014748310640112376 judge right e
J1 014748310640524538 judge right u
J1 014748310640835155 judge right f
J1 014748310650012434 judge right Return
J1 014748310650147574 Rose right H
J1 014748310650193468 Rose right a
J1 014748310650240609 Rose right v
J1 014748310650365420 Rose right e
J1 014748310650412550 Rose right space
J1 014748310650459526 Rose right y
J1 014748310650537275 Rose right o
J1 014748310650583460 Rose right u
J1 014748310650661603 Rose right space
J1 014748310650708459 Rose right e
J1 014748310650756006 Rose right v
J1 014748310650802550 Rose right e
J1 014748310650880859 Rose right r
J1 014748310650927697 Rose right space
J1 014748310650973420 Rose right k
J1 014748310660020450 Rose right e
J1 014748310660067608 Rose right p
J1 014748310660129570 Rose right t
J1 014748310660176633 Rose right space
J1 014748310660317772 Rose right c
J1 014748310660363703 Rose right h
J1 014748310660410643 Rose right i
J1 014748310660457817 Rose right c
J1 014748310660504999 Rose right k
J1 014748310660551848 Rose right e
J1 014748310660597786 Rose right n
J1 014748310660644794 Rose right s
J1 014748310660722664 Rose right question
J1 014748310660801088 Rose right Return
J1 014748310820489566 judge right i
J1 014748310820663576 judge right space
J1 014748310820823886 judge right h
J1 014748310820934683 judge right a
J1 014748310830038713 judge right v
J1 014748310830109803 judge right e
J1 014748310830276611 judge right space
J1 014748310830440381 judge right a
J1 014748310830579381 judge right s
J1 014748310830736715 judge right space
J1 014748310830795640 judge right a
J1 014748310830935190 judge right space
J1 014748310840093235 judge right m
J1 014748310840225434 judge right a
J1 014748310840461679 judge right t
J1 014748310840780119 judge right g
J1 014748310840981708 judge right e
J1 014748310850088765 judge right r
J1 014748310850383205 judge right BackSpace
J1 014748310850500738 judge right BackSpace
J1 014748310850579887 judge right t
J1 014748310860010767 judge right e
J1 014748310860259849 judge right r
J1 014748310860562799 judge right BackSpace
J1 014748310860700927 judge right BackSpace
J1 014748310860753122 judge right g
J1 014748310860909257 judge right e
J1 014748310870034642 judge right r
J1 014748310870602858 judge right space
J1 014748310870755820 judge right o
J1 014748310870889345 judge right f
J1 014748310880033479 judge right space
J1 014748310880752924 judge right f
J1 014748310880849809 judge right a
J1 014748310890066752 judge right c
J1 014748310890302955 judge right t
J1 014748310900159004 judge right space
J1 014748310900318896 judge right t
J1 014748310900421363 judge right h
J1 014748310900512020 judge right e
J1 014748310900611850 judge right y
J1 014748310900725037 judge right space
J1 014748310910312070 judge right o
J1 014748310910446369 judge right t
J1 014748310910623076 judge right space
J1 014748310910921105 judge right g
J1 014748310920322121 judge right BackSpace
J1 014748310920399621 judge right e
J1 014748310920538141 judge right a
J1 014748310920671554 judge right t
J1 014748310920877646 judge right e
J1 014748310930007856 judge right n
J1 014748310930277183 judge right space
J1 014748310930406711 judge right b
J1 014748310930582384 judge right y
J1 014748310930727456 judge right space
J1 014748310930829214 judge right a
J1 014748310930958953 judge right space
J1 014748310940667262 judge right f
J1 014748310940834368 judge right o
J1 014748310940933256 judge right x
J1 014748310950608316 judge right Return
J1 014748310950802102 Rose right G
J1 014748310950895934 Rose right o
J1 014748310950942865 Rose right o
J1 014748310950988984 Rose right d
J1 014748310960113345 Rose right space
J1 014748310960160338 Rose right p
J1 014748310960207296 Rose right r
J1 014748310960285340 Rose right o
J1 014748310960331280 Rose right t
J1 014748310960409421 Rose right e
J1 014748310960456475 Rose right i
J1 014748310960503530 Rose right n
J1 014748310960550318 Rose right comma
J1 014748310960612570 Rose right space
J1 014748310960690378 Rose right b
J1 014748310960737529 Rose right e
J1 014748310960784442 Rose right s
J1 014748310960831350 Rose right t
J1 014748310960877371 Rose right space
J1 014748310960940163 Rose right w
J1 014748310960987713 Rose right a
J1 014748310970127341 Rose right s
J1 014748310970174514 Rose right h
J1 014748310970221408 Rose right e
J1 014748310970267490 Rose right d
J1 014748310970314483 Rose right space
J1 014748310970361526 Rose right d
J1 014748310970423464 Rose right o
J1 014748310970470530 Rose right w
J1 014748310970548989 Rose right n
J1 014748310970626730 Rose right space
J1 014748310970673586 Rose right w
J1 014748310970767440 Rose right i
J1 014748310970813637 Rose right t
J1 014748310970860571 Rose right h
J1 014748310970985826 Rose right space
J1 014748310980032578 Rose right s
J1 014748310980079631 Rose right t
J1 014748310980157822 Rose right o
J1 014748310980203565 Rose right u
J1 014748310980281469 Rose right t
J1 014748310980328418 Rose right period
J1 014748310980375605 Rose right Return
J1 014748311020278698 judge right c
J1 014748311020356825 judge right a
J1 014748311020466503 judge right n
J1 014748311020567233 judge right space
J1 014748311020764831 judge right w
J1 014748311020849730 judge right e
J1 014748311020976327 judge right space
J1 014748311030220387 judge right g
J1 014748311030350759 judge right o
J1 014748311030510310 judge right space
J1 014748311030674110 judge right b
J1 014748311030859788 judge right a
J1 014748311030967714 judge right c
J1 014748311040090045 judge right k
J1 014748311040264818 judge right space
J1 014748311040721837 judge right t
J1 014748311040914745 judge right o
J1 014748311050019476 judge right space
J1 014748311050130027 judge right t
J1 014748311050228866 judge right h
J1 014748311050328626 judge right e
J1 014748311050455186 judge right space
J1 014748311050570609 judge right j
J1 014748311050683716 judge right o
J1 014748311060160920 judge right k
J1 014748311060547212 judge right e
J1 014748311060749953 judge right space
J1 014748311060871564 judge right a
J1 014748311070069374 judge right b
J1 014748311070206656 judge right o
J1 014748311070237871 judge right u
J1 014748311070357988 judge right t
J1 014748311070489174 judge right t
J1 014748311070811313 judge right space
J1 014748311080184035 judge right h
J1 014748311080304318 judge right e
J1 014748311080471079 judge right space
J1 014748311080687064 judge right f
J1 014748311080939758 judge right r
J1 014748311090064293 judge right e
J1 014748311090238096 judge right n
J1 014748311090406032 judge right c
J1 014748311090507139 judge right h
J1 014748311090632228 judge right space
J1 014748311090742125 judge right e
J1 014748311090955046 judge right g
J1 014748311100098602 judge right g
J1 014748311100620175 judge right Return
J1 014748311100746578 Rose right I
J1 014748311100793409 Rose right space
J1 014748311100871554 Rose right l
J1 014748311100918498 Rose right o
J1 014748311100965383 Rose right v
J1 014748311110011634 Rose right e
J1 014748311110058810 Rose right space
J1 014748311110121203 Rose right P
J1 014748311110167572 Rose right a
J1 014748311110308606 Rose right r
J1 014748311110355316 Rose right i
J1 014748311110401568 Rose right s
J1 014748311110448513 Rose right i
J1 014748311110495453 Rose right e
J1 014748311110542604 Rose right n
J1 014748311110589456 Rose right n
J1 014748311110635233 Rose right e
J1 014748311110713411 Rose right space
J1 014748311110791243 Rose right b
J1 014748311110838265 Rose right a
J1 014748311110932469 Rose right k
J1 014748311110979581 Rose right e
J1 014748311120025550 Rose right r
J1 014748311120150262 Rose right i
J1 014748311120197034 Rose right e
J1 014748311120244106 Rose right s
J1 014748311120322028 Rose right period
J1 014748311120602047 Rose right space
J1 014748311120649060 Rose right T
J1 014748311120727295 Rose right h
J1 014748311120774298 Rose right e
J1 014748311120821299 Rose right i
J1 014748311120868350 Rose right r
J1 014748311120946381 Rose right space
J1 014748311120992369 Rose right c
J1 014748311130039158 Rose right r
J1 014748311130086171 Rose right o
J1 014748311130133165 Rose right q
J1 014748311130195264 Rose right u
J1 014748311130242369 Rose right e
J1 014748311130382333 Rose right space
J1 014748311130429541 Rose right m
J1 014748311130492579 Rose right o
J1 014748311130538455 Rose right n
J1 014748311130585744 Rose right s
J1 014748311130632563 Rose right i
J1 014748311130679612 Rose right e
J1 014748311130726443 Rose right u
J1 014748311130804549 Rose right r
J1 014748311130882361 Rose right s
J1 014748311130928074 Rose right space
J1 014748311140022536 Rose right a
J1 014748311140069191 Rose right r
J1 014748311140116428 Rose right e
J1 014748311140239942 Rose right space
J1 014748311140287115 Rose right t
J1 014748311140334112 Rose right o
J1 014748311140412392 Rose right space
J1 014748311140459653 Rose right d
J1 014748311140537321 Rose right i
J1 014748311140584282 Rose right e
J1 014748311140630508 Rose right space
J1 014748311140677335 Rose right f
J1 014748311140755594 Rose right o
J1 014748311140802455 Rose right r
J1 014748311140849595 Rose right period
J1 014748311140896478 Rose right Return
J1 014748311160211495 judge right i
J1 014748311160429550 judge right n
J1 014748311160582966 judge right d
J1 014748311160774527 judge right e
J1 014748311170047405 judge right e
J1 014748311170295557 judge right d
J1 014748311170576457 judge right space
J1 014748311170745897 judge right b
J1 014748311170878590 judge right u
J1 014748311180092159 judge right t
J1 014748311180243041 judge right space
J1 014748311180451623 judge right w
J1 014748311180596569 judge right h
J1 014748311180767237 judge right y
J1 014748311180941825 judge right space
J1 014748311190173664 judge right w
J1 014748311190424029 judge right a
J1 014748311190527995 judge right s
J1 014748311190648189 judge right space
J1 014748311190759698 judge right t
J1 014748311190853032 judge right h
J1 014748311190967687 judge right e
J1 014748311200084136 judge right space
J1 014748311200187500 judge right a
J1 014748311200358732 judge right n
J1 014748311200447594 judge right s
J1 014748311200667522 judge right w
J1 014748311200741830 judge right e
J1 014748311200813573 judge right r
J1 014748311200955766 judge right space
J1 014748311210104526 judge right f
J1 014748311210211154 judge right u
J1 014748311210388351 judge right n
J1 014748311210531799 judge right n
J1 014748311210742779 judge right y
J1 014748311220033828 judge right period
J1 014748311220317397 judge right space
J1 014748311220510315 judge right o
J1 014748311220732868 judge right r
J1 014748311220961774 judge right space
J1 014748311230296900 judge right d
J1 014748311230380546 judge right i
J1 014748311230454994 judge right d
J1 014748311230588269 judge right n
J1 014748311230790046 judge right quoteright
J1 014748311230896934 judge right t
J1 014748311240000355 judge right space
J1 014748311240140347 judge right y
J1 014748311240324835 judge right o
J1 014748311240352774 judge right u
J1 014748311240425964 judge right space
J1 014748311240576917 judge right g
J1 014748311240668712 judge right h
J1 014748311240934994 judge right BackSpace
J1 014748311250106301 judge right BackSpace
J1 014748311250287543 judge right t
J1 014748311250371100 judge right h
J1 014748311250525027 judge right i
J1 014748311250636612 judge right n
J1 014748311250908068 judge right k
J1 014748311260060058 judge right space
J1 014748311260225044 judge right space
J1 014748311260389935 judge right i
J1 014748311260500410 judge right t
J1 014748311260633091 judge right space
J1 014748311270076850 judge right w
J1 014748311270247126 judge right a
J1 014748311270403567 judge right s
J1 014748311270621317 judge right space
J1 014748311270846160 judge right f
J1 014748311270960659 judge right u
J1 014748311280141969 judge right n
J1 014748311280271097 judge right n
J1 014748311280458195 judge right y
J1 014748311280759548 judge right question
J1 014748311300112290 judge right Return
J1 014748311300341036 Rose right I
J1 014748311300418821 Rose right space
J1 014748311300512004 Rose right d
J1 014748311300652321 Rose right o
J1 014748311300839482 Rose right n
J1 014748311300933393 Rose right quoteright
J1 014748311310026350 Rose right t
J1 014748311310120219 Rose right space
J1 014748311310182351 Rose right t
J1 014748311310260687 Rose right h
J1 014748311310369422 Rose right i
J1 014748311310479660 Rose right n
J1 014748311310619502 Rose right k
J1 014748311310713381 Rose right space
J1 014748311310822614 Rose right a
J1 014748311310962758 Rose right t
J1 014748311320040459 Rose right space
J1 014748311320180558 Rose right a
J1 014748311320352418 Rose right l
J1 014748311320446597 Rose right l
J1 014748311320539481 Rose right period
J1 014748311320680696 Rose right Return
J1 014748311330397478 Rose right I
J1 014748311330444248 Rose right space
J1 014748311330522253 Rose right a
J1 014748311330569345 Rose right m
J1 014748311330616309 Rose right space
J1 014748311330662463 Rose right a
J1 014748311330740573 Rose right space
J1 014748311330787525 Rose right t
J1 014748311330834350 Rose right e
J1 014748311330881341 Rose right r
J1 014748311330929508 Rose right r
J1 014748311330990987 Rose right i
J1 014748311340038088 Rose right b
J1 014748311340178172 Rose right l
J1 014748311340225285 Rose right e
J1 014748311340287552 Rose right space
J1 014748311340334119 Rose right c
J1 014748311340381100 Rose right o
J1 014748311340428123 Rose right o
J1 014748311340474539 Rose right k
J1 014748311340520454 Rose right period
J1 014748311340786728 Rose right space
J1 014748311340864524 Rose right M
J1 014748311340942640 Rose right a
J1 014748311340988569 Rose right y
J1 014748311350082532 Rose right a
J1 014748311350129586 Rose right space
J1 014748311350176587 Rose right d
J1 014748311350300950 Rose right e
J1 014748311350347554 Rose right s
J1 014748311350394303 Rose right p
J1 014748311350472315 Rose right a
J1 014748311350534600 Rose right i
J1 014748311350612643 Rose right r
J1 014748311350659840 Rose right s
J1 014748311350706738 Rose right space
J1 014748311350753859 Rose right o
J1 014748311350831764 Rose right f
J1 014748311350877694 Rose right space
J1 014748311350924807 Rose right m
J1 014748311350971994 Rose right y
J1 014748311360018923 Rose right space
J1 014748311360080631 Rose right e
J1 014748311360127942 Rose right v
J1 014748311360267710 Rose right e
J1 014748311360314944 Rose right r
J1 014748311360361745 Rose right space
J1 014748311360408703 Rose right l
J1 014748311360455640 Rose right e
J1 014748311360501937 Rose right a
J1 014748311360548636 Rose right r
J1 014748311360595660 Rose right n
J1 014748311360673745 Rose right i
J1 014748311360751546 Rose right n
J1 014748311360798584 Rose right g
J1 014748311360891713 Rose right space
J1 014748311360938587 Rose right t
J1 014748311360985687 Rose right o
J1 014748311370110690 Rose right space
J1 014748311370157699 Rose right m
J1 014748311370203611 Rose right a
J1 014748311370282627 Rose right k
J1 014748311370328917 Rose right e
J1 014748311370407063 Rose right space
J1 014748311370454325 Rose right m
J1 014748311370500937 Rose right y
J1 014748311370547650 Rose right space
J1 014748311370625719 Rose right o
J1 014748311370671558 Rose right w
J1 014748311370735057 Rose right n
J1 014748311370765470 Rose right space
J1 014748311370812400 Rose right f
J1 014748311370874591 Rose right o
J1 014748311370921676 Rose right o
J1 014748311380061610 Rose right d
J1 014748311380108747 Rose right period
J1 014748311380171751 Rose right Return
J1 014748319800420925 Rose right h
J1 014748319800467927 Rose right a
J1 014748319800529853 Rose right n
J1 014748319800608019 Rose right k
J1 014748319800686067 Rose right s
J1 014748319800826162 Rose right f
J1 014748319810044960 Rose right space
J1 014748319810091995 Rose right t
J1 014748319810138102 Rose right a
J1 014748319810215924 Rose right k
J1 014748319810263200 Rose right i
J1 014748319810344126 Rose right n
J1 014748319810482073 Rose right t
J1 014748319810559990 Rose right h
J1 014748319810652961 Rose right space
J1 014748319810700195 Rose right t
J1 014748319810747208 Rose right i
J1 014748319810809077 Rose right m
J1 014748319810856090 Rose right e
J1 014748319810996299 Rose right space
J1 014748319820090020 Rose right o
J1 014748319820137058 Rose right space
J1 014748319820184105 Rose right t
J1 014748319820230103 Rose right a
J1 014748319820277037 Rose right l
J1 014748319820324086 Rose right k
J1 014748319820402010 Rose right space
J1 014748319820480202 Rose right t
J1 014748319820527097 Rose right o
J1 014748319820620050 Rose right space
J1 014748319820667059 Rose right m
J1 014748319820714057 Rose right e
J1 014748319820839001 Rose ri